
Currently Loaded Modules:
  1) gcc/6.4.0   2) cuda/9.1.85

 

rm -f build/main.o
Cleaned up objects.
rm -f ./nbody
Cleaned up binaries.
g++ -pg -g -std=c++11 -O3 -ftree-vectorize -I./src/*.hpp -c src/main.cpp -o build/main.o
g++ -pg -g -std=c++11 -O3 -ftree-vectorize -I./src/*.hpp build/main.o  -o nbody
Linking complete!
-- Barnes-Hut --
Epsilon 0.005
Nb particles 8192
Nb dimensions 3
Side 8192
Shift 2730.67
Occupation percentage 0.5
Maximum mass 1e+11
Delta t 0.01
Nb iterations 200
Execution time duration (ms) 208985
